<?xml version="1.0" encoding="UTF-8"?>
<testsuite name="Registro" tests="1" skipped="1" failures="0" errors="0" timestamp="2022-01-12T04:30:27" hostname="PIRATADELROCKG" time="12.942">
  <properties/>
  <testcase name="Tratar de diligenciar registro exitosamente" classname="Registro" time="12.942">
    <skipped/>
  </testcase>
  <system-out><![CDATA[]]></system-out>
  <system-err><![CDATA[[Test worker] WARN net.thucydides.core.steps.BaseStepListener - stepStarted: net.thucydides.core.steps.ExecutedStepDescription@6e083a50
[Test worker] WARN net.thucydides.core.steps.BaseStepListener - stepStarted: net.thucydides.core.steps.ExecutedStepDescription@7960cdc
[Test worker] WARN net.thucydides.core.steps.BaseStepListener - stepStarted: net.thucydides.core.steps.ExecutedStepDescription@4bfdd124
ene 11, 2022 11:30:28 PM org.openqa.selenium.remote.DesiredCapabilities chrome
INFORMACIÓN: Using `new ChromeOptions()` is preferred to `DesiredCapabilities.chrome()`
[Test worker] INFO net.serenitybdd.core.webdriver.driverproviders.ProvideNewDriver - Instantiating driver
[Test worker] INFO net.serenitybdd.core.webdriver.driverproviders.ProvideNewDriver - Driver capabilities: Capabilities {acceptInsecureCerts: false, browserName: chrome, chrome.switches: --start-maximized, goog:chromeOptions: {args: [--start-maximized], extensions: []}, loggingPrefs: org.openqa.selenium.logging..., platform: ANY, version: }
Starting ChromeDriver 97.0.4692.71 (adefa7837d02a07a604c1e6eff0b3a09422ab88d-refs/branch-heads/4692@{#1247}) on port 26629
Only local connections are allowed.
Please see https://chromedriver.chromium.org/security-considerations for suggestions on keeping ChromeDriver safe.
ChromeDriver was started successfully.
ene 11, 2022 11:30:32 PM org.openqa.selenium.remote.ProtocolHandshake createSession
INFORMACIÓN: Detected dialect: W3C
[Test worker] WARN net.thucydides.core.steps.BaseStepListener - stepFinished: current outcome:Tratar de diligenciar registro exitosamente:Dado que el usuario final accedio al sitio web del registro [El usuario final abrir [el usuario final opens the Home]]
[Test worker] WARN net.thucydides.core.steps.BaseStepListener - stepFinished: current outcome:Tratar de diligenciar registro exitosamente:Dado que el usuario final accedio al sitio web del registro [El usuario final abrir [el usuario final opens the Home]]
[Test worker] WARN net.thucydides.core.steps.BaseStepListener - stepFinished: current outcome:Tratar de diligenciar registro exitosamente:Dado que el usuario final accedio al sitio web del registro [El usuario final abrir [el usuario final opens the Home]]
[Test worker] WARN net.thucydides.core.steps.BaseStepListener - stepStarted: net.thucydides.core.steps.ExecutedStepDescription@72c19554
[Test worker] INFO net.thucydides.core.steps.ConsoleLoggingListener - TEST PENDING
[Test worker] WARN net.thucydides.core.steps.BaseStepListener - stepStarted: net.thucydides.core.steps.ExecutedStepDescription@25737174
[Test worker] WARN net.thucydides.core.steps.BaseStepListener - testFinished: Tratar de diligenciar registro exitosamente:Dado que el usuario final accedio al sitio web del registro [El usuario final abrir [el usuario final opens the Home]], Cuando el usuario se registra en la página, Entonces el usuario verifica que no se puede completar el registro
[Test worker] WARN net.thucydides.core.steps.BaseStepListener - TestOutcomes: [Tratar de diligenciar registro exitosamente:Dado que el usuario final accedio al sitio web del registro [El usuario final abrir [el usuario final opens the Home]], Cuando el usuario se registra en la página, Entonces el usuario verifica que no se puede completar el registro]
[Test worker] WARN net.thucydides.core.steps.BaseStepListener - Final testOutcomes: [Tratar de diligenciar registro exitosamente:Dado que el usuario final accedio al sitio web del registro [El usuario final abrir [el usuario final opens the Home]], Cuando el usuario se registra en la página, Entonces el usuario verifica que no se puede completar el registro]
[Test worker] INFO net.thucydides.core.steps.ConsoleLoggingListener - 
          __  _____ _____ ____ _____   ____  _____ _   _ ____ ___ _   _  ____ 
 _       / / |_   _| ____/ ___|_   _| |  _ \| ____| \ | |  _ \_ _| \ | |/ ___|
(_)____ / /    | | |  _| \___ \ | |   | |_) |  _| |  \| | | | | ||  \| | |  _ 
 |_____/ /     | | | |___ ___) || |   |  __/| |___| |\  | |_| | || |\  | |_| |
(_)   /_/      |_| |_____|____/ |_|   |_|   |_____|_| \_|____/___|_| \_|\____|
                                                                                

TEST PENDING: Tratar de diligenciar registro exitosamente
---------------------------------------------------------------------------------
]]></system-err>
</testsuite>
